2023-04-17 08:01:02.098  INFO 17688 --- [main] c.g.s.StudentManagementApplication       : Starting StudentManagementApplication using Java 11.0.17 on nvctri with PID 17688 (D:\Java\project\student-management4\student-management-springboot\student-management\build\classes\java\main started by nvctri in D:\Java\project\student-management4\student-management-springboot)
2023-04-17 08:01:02.101  INFO 17688 --- [main] c.g.s.StudentManagementApplication       : No active profile set, falling back to 1 default profile: "default"
2023-04-17 08:01:02.865  INFO 17688 --- [main] .s.d.r.c.RepositoryConfigurationDelegate : Multiple Spring Data modules found, entering strict repository configuration mode!
2023-04-17 08:01:02.867  INFO 17688 --- [main] .s.d.r.c.RepositoryConfigurationDelegate : Bootstrapping Spring Data JDBC repositories in DEFAULT mode.
2023-04-17 08:01:02.894  INFO 17688 --- [main] .RepositoryConfigurationExtensionSupport : Spring Data JDBC - Could not safely identify store assignment for repository candidate interface com.galaxy.studentmanagement.repository.StudentRepository. If you want this repository to be a JDBC repository, consider annotating your entities with one of these annotations: org.springframework.data.relational.core.mapping.Table.
2023-04-17 08:01:02.895  INFO 17688 --- [main] .s.d.r.c.RepositoryConfigurationDelegate : Finished Spring Data repository scanning in 23 ms. Found 0 JDBC repository interfaces.
2023-04-17 08:01:02.905  INFO 17688 --- [main] .s.d.r.c.RepositoryConfigurationDelegate : Multiple Spring Data modules found, entering strict repository configuration mode!
2023-04-17 08:01:02.906  INFO 17688 --- [main] .s.d.r.c.RepositoryConfigurationDelegate : Bootstrapping Spring Data JPA repositories in DEFAULT mode.
2023-04-17 08:01:02.926  INFO 17688 --- [main] .s.d.r.c.RepositoryConfigurationDelegate : Finished Spring Data repository scanning in 16 ms. Found 1 JPA repository interfaces.
2023-04-17 08:01:03.537  INFO 17688 --- [main] o.s.b.w.embedded.tomcat.TomcatWebServer  : Tomcat initialized with port(s): 8080 (http)
2023-04-17 08:01:03.544  INFO 17688 --- [main] o.apache.catalina.core.StandardService   : Starting service [Tomcat]
2023-04-17 08:01:03.544  INFO 17688 --- [main] org.apache.catalina.core.StandardEngine  : Starting Servlet engine: [Apache Tomcat/9.0.63]
2023-04-17 08:01:03.669  INFO 17688 --- [main] o.a.c.c.C.[Tomcat].[localhost].[/]       : Initializing Spring embedded WebApplicationContext
2023-04-17 08:01:03.669  INFO 17688 --- [main] w.s.c.ServletWebServerApplicationContext : Root WebApplicationContext: initialization completed in 1531 ms
2023-04-17 08:01:03.859  INFO 17688 --- [main] com.zaxxer.hikari.HikariDataSource       : HikariPool-1 - Starting...
2023-04-17 08:01:04.223  INFO 17688 --- [main] com.zaxxer.hikari.HikariDataSource       : HikariPool-1 - Start completed.
2023-04-17 08:01:04.270  INFO 17688 --- [main] o.hibernate.jpa.internal.util.LogHelper  : HHH000204: Processing PersistenceUnitInfo [name: default]
2023-04-17 08:01:04.309  INFO 17688 --- [main] org.hibernate.Version                    : HHH000412: Hibernate ORM core version 5.4.33
2023-04-17 08:01:04.426  INFO 17688 --- [main] o.hibernate.annotations.common.Version   : HCANN000001: Hibernate Commons Annotations {5.1.2.Final}
2023-04-17 08:01:04.572  INFO 17688 --- [main] org.hibernate.dialect.Dialect            : HHH000400: Using dialect: org.hibernate.dialect.SQLServer2012Dialect
2023-04-17 08:01:05.171  INFO 17688 --- [main] o.h.e.t.j.p.i.JtaPlatformInitiator       : HHH000490: Using JtaPlatform implementation: [org.hibernate.engine.transaction.jta.platform.internal.NoJtaPlatform]
2023-04-17 08:01:05.177  INFO 17688 --- [main] j.LocalContainerEntityManagerFactoryBean : Initialized JPA EntityManagerFactory for persistence unit 'default'
2023-04-17 08:01:05.739  WARN 17688 --- [main] JpaBaseConfiguration$JpaWebConfiguration : spring.jpa.open-in-view is enabled by default. Therefore, database queries may be performed during view rendering. Explicitly configure spring.jpa.open-in-view to disable this warning
2023-04-17 08:01:06.199  WARN 17688 --- [main] ConfigServletWebServerApplicationContext : Exception encountered during context initialization - cancelling refresh attempt: org.springframework.beans.factory.UnsatisfiedDependencyException: Error creating bean with name 'dslContext' defined in class path resource [org/springframework/boot/autoconfigure/jooq/JooqAutoConfiguration$DslContextConfiguration.class]: Unsatisfied dependency expressed through method 'dslContext' parameter 0; nested exception is org.springframework.beans.factory.UnsatisfiedDependencyException: Error creating bean with name 'jooqConfiguration' defined in class path resource [org/springframework/boot/autoconfigure/jooq/JooqAutoConfiguration$DslContextConfiguration.class]: Unsatisfied dependency expressed through method 'jooqConfiguration' parameter 0; nested exception is org.springframework.boot.context.properties.ConfigurationPropertiesBindException: Error creating bean with name 'spring.jooq-org.springframework.boot.autoconfigure.jooq.JooqProperties': Could not bind properties to 'JooqProperties' : prefix=spring.jooq, ignoreInvalidFields=false, ignoreUnknownFields=true; nested exception is org.springframework.boot.context.properties.bind.BindException: Failed to bind properties under 'spring.jooq.sql-dialect' to org.jooq.SQLDialect
2023-04-17 08:01:06.205  INFO 17688 --- [main] j.LocalContainerEntityManagerFactoryBean : Closing JPA EntityManagerFactory for persistence unit 'default'
2023-04-17 08:01:06.209  INFO 17688 --- [main] com.zaxxer.hikari.HikariDataSource       : HikariPool-1 - Shutdown initiated...
2023-04-17 08:01:06.215  INFO 17688 --- [main] com.zaxxer.hikari.HikariDataSource       : HikariPool-1 - Shutdown completed.
2023-04-17 08:01:06.217  INFO 17688 --- [main] o.apache.catalina.core.StandardService   : Stopping service [Tomcat]
2023-04-17 08:01:06.228  INFO 17688 --- [main] ConditionEvaluationReportLoggingListener : 

Error starting ApplicationContext. To display the conditions report re-run your application with 'debug' enabled.
2023-04-17 08:01:06.245 ERROR 17688 --- [main] o.s.b.d.LoggingFailureAnalysisReporter   : 

***************************
APPLICATION FAILED TO START
***************************

Description:

Failed to bind properties under 'spring.jooq.sql-dialect' to org.jooq.SQLDialect:

    Property: spring.jooq.sql-dialect
    Value: SQLSERVER
    Origin: class path resource [application.yml] - 8:18
    Reason: failed to convert java.lang.String to org.jooq.SQLDialect (caused by java.lang.IllegalArgumentException: No enum constant org.jooq.SQLDialect.SQLSERVER)

Action:

Update your application's configuration. The following values are valid:

    CUBRID
    DEFAULT
    DERBY
    FIREBIRD
    H2
    HSQLDB
    MARIADB
    MYSQL
    POSTGRES
    SQL99
    SQLITE

2023-04-17 08:01:19.474  INFO 2536 --- [main] c.g.s.StudentManagementApplication       : Starting StudentManagementApplication using Java 11.0.17 on nvctri with PID 2536 (D:\Java\project\student-management4\student-management-springboot\student-management\build\classes\java\main started by nvctri in D:\Java\project\student-management4\student-management-springboot)
2023-04-17 08:01:19.477  INFO 2536 --- [main] c.g.s.StudentManagementApplication       : No active profile set, falling back to 1 default profile: "default"
2023-04-17 08:01:20.195  INFO 2536 --- [main] .s.d.r.c.RepositoryConfigurationDelegate : Multiple Spring Data modules found, entering strict repository configuration mode!
2023-04-17 08:01:20.196  INFO 2536 --- [main] .s.d.r.c.RepositoryConfigurationDelegate : Bootstrapping Spring Data JDBC repositories in DEFAULT mode.
2023-04-17 08:01:20.223  INFO 2536 --- [main] .RepositoryConfigurationExtensionSupport : Spring Data JDBC - Could not safely identify store assignment for repository candidate interface com.galaxy.studentmanagement.repository.StudentRepository. If you want this repository to be a JDBC repository, consider annotating your entities with one of these annotations: org.springframework.data.relational.core.mapping.Table.
2023-04-17 08:01:20.223  INFO 2536 --- [main] .s.d.r.c.RepositoryConfigurationDelegate : Finished Spring Data repository scanning in 24 ms. Found 0 JDBC repository interfaces.
2023-04-17 08:01:20.231  INFO 2536 --- [main] .s.d.r.c.RepositoryConfigurationDelegate : Multiple Spring Data modules found, entering strict repository configuration mode!
2023-04-17 08:01:20.233  INFO 2536 --- [main] .s.d.r.c.RepositoryConfigurationDelegate : Bootstrapping Spring Data JPA repositories in DEFAULT mode.
2023-04-17 08:01:20.257  INFO 2536 --- [main] .s.d.r.c.RepositoryConfigurationDelegate : Finished Spring Data repository scanning in 20 ms. Found 1 JPA repository interfaces.
2023-04-17 08:01:20.845  INFO 2536 --- [main] o.s.b.w.embedded.tomcat.TomcatWebServer  : Tomcat initialized with port(s): 8080 (http)
2023-04-17 08:01:20.853  INFO 2536 --- [main] o.apache.catalina.core.StandardService   : Starting service [Tomcat]
2023-04-17 08:01:20.854  INFO 2536 --- [main] org.apache.catalina.core.StandardEngine  : Starting Servlet engine: [Apache Tomcat/9.0.63]
2023-04-17 08:01:20.966  INFO 2536 --- [main] o.a.c.c.C.[Tomcat].[localhost].[/]       : Initializing Spring embedded WebApplicationContext
2023-04-17 08:01:20.967  INFO 2536 --- [main] w.s.c.ServletWebServerApplicationContext : Root WebApplicationContext: initialization completed in 1452 ms
2023-04-17 08:01:21.178  INFO 2536 --- [main] com.zaxxer.hikari.HikariDataSource       : HikariPool-1 - Starting...
2023-04-17 08:01:21.533  INFO 2536 --- [main] com.zaxxer.hikari.HikariDataSource       : HikariPool-1 - Start completed.
2023-04-17 08:01:21.585  INFO 2536 --- [main] o.hibernate.jpa.internal.util.LogHelper  : HHH000204: Processing PersistenceUnitInfo [name: default]
2023-04-17 08:01:21.627  INFO 2536 --- [main] org.hibernate.Version                    : HHH000412: Hibernate ORM core version 5.4.33
2023-04-17 08:01:21.747  INFO 2536 --- [main] o.hibernate.annotations.common.Version   : HCANN000001: Hibernate Commons Annotations {5.1.2.Final}
2023-04-17 08:01:21.874  INFO 2536 --- [main] org.hibernate.dialect.Dialect            : HHH000400: Using dialect: org.hibernate.dialect.SQLServer2012Dialect
2023-04-17 08:01:22.505  INFO 2536 --- [main] o.h.e.t.j.p.i.JtaPlatformInitiator       : HHH000490: Using JtaPlatform implementation: [org.hibernate.engine.transaction.jta.platform.internal.NoJtaPlatform]
2023-04-17 08:01:22.512  INFO 2536 --- [main] j.LocalContainerEntityManagerFactoryBean : Initialized JPA EntityManagerFactory for persistence unit 'default'
2023-04-17 08:01:23.117  WARN 2536 --- [main] JpaBaseConfiguration$JpaWebConfiguration : spring.jpa.open-in-view is enabled by default. Therefore, database queries may be performed during view rendering. Explicitly configure spring.jpa.open-in-view to disable this warning
2023-04-17 08:01:23.574  WARN 2536 --- [main] ConfigServletWebServerApplicationContext : Exception encountered during context initialization - cancelling refresh attempt: org.springframework.beans.factory.UnsatisfiedDependencyException: Error creating bean with name 'dslContext' defined in class path resource [org/springframework/boot/autoconfigure/jooq/JooqAutoConfiguration$DslContextConfiguration.class]: Unsatisfied dependency expressed through method 'dslContext' parameter 0; nested exception is org.springframework.beans.factory.UnsatisfiedDependencyException: Error creating bean with name 'jooqConfiguration' defined in class path resource [org/springframework/boot/autoconfigure/jooq/JooqAutoConfiguration$DslContextConfiguration.class]: Unsatisfied dependency expressed through method 'jooqConfiguration' parameter 0; nested exception is org.springframework.boot.context.properties.ConfigurationPropertiesBindException: Error creating bean with name 'spring.jooq-org.springframework.boot.autoconfigure.jooq.JooqProperties': Could not bind properties to 'JooqProperties' : prefix=spring.jooq, ignoreInvalidFields=false, ignoreUnknownFields=true; nested exception is org.springframework.boot.context.properties.bind.BindException: Failed to bind properties under 'spring.jooq.sql-dialect' to org.jooq.SQLDialect
2023-04-17 08:01:23.579  INFO 2536 --- [main] j.LocalContainerEntityManagerFactoryBean : Closing JPA EntityManagerFactory for persistence unit 'default'
2023-04-17 08:01:23.583  INFO 2536 --- [main] com.zaxxer.hikari.HikariDataSource       : HikariPool-1 - Shutdown initiated...
2023-04-17 08:01:23.593  INFO 2536 --- [main] com.zaxxer.hikari.HikariDataSource       : HikariPool-1 - Shutdown completed.
2023-04-17 08:01:23.596  INFO 2536 --- [main] o.apache.catalina.core.StandardService   : Stopping service [Tomcat]
2023-04-17 08:01:23.609  INFO 2536 --- [main] ConditionEvaluationReportLoggingListener : 

Error starting ApplicationContext. To display the conditions report re-run your application with 'debug' enabled.
2023-04-17 08:01:23.627 ERROR 2536 --- [main] o.s.b.d.LoggingFailureAnalysisReporter   : 

***************************
APPLICATION FAILED TO START
***************************

Description:

Failed to bind properties under 'spring.jooq.sql-dialect' to org.jooq.SQLDialect:

    Property: spring.jooq.sql-dialect
    Value: SQLSERVER
    Origin: class path resource [application.yml] - 8:18
    Reason: failed to convert java.lang.String to org.jooq.SQLDialect (caused by java.lang.IllegalArgumentException: No enum constant org.jooq.SQLDialect.SQLSERVER)

Action:

Update your application's configuration. The following values are valid:

    CUBRID
    DEFAULT
    DERBY
    FIREBIRD
    H2
    HSQLDB
    MARIADB
    MYSQL
    POSTGRES
    SQL99
    SQLITE

2023-04-17 08:02:18.344  INFO 13456 --- [main] c.g.s.StudentManagementApplication       : Starting StudentManagementApplication using Java 11.0.17 on nvctri with PID 13456 (D:\Java\project\student-management4\student-management-springboot\student-management\build\classes\java\main started by nvctri in D:\Java\project\student-management4\student-management-springboot)
2023-04-17 08:02:18.347  INFO 13456 --- [main] c.g.s.StudentManagementApplication       : No active profile set, falling back to 1 default profile: "default"
2023-04-17 08:02:19.038  INFO 13456 --- [main] .s.d.r.c.RepositoryConfigurationDelegate : Multiple Spring Data modules found, entering strict repository configuration mode!
2023-04-17 08:02:19.039  INFO 13456 --- [main] .s.d.r.c.RepositoryConfigurationDelegate : Bootstrapping Spring Data JDBC repositories in DEFAULT mode.
2023-04-17 08:02:19.063  INFO 13456 --- [main] .RepositoryConfigurationExtensionSupport : Spring Data JDBC - Could not safely identify store assignment for repository candidate interface com.galaxy.studentmanagement.repository.StudentRepository. If you want this repository to be a JDBC repository, consider annotating your entities with one of these annotations: org.springframework.data.relational.core.mapping.Table.
2023-04-17 08:02:19.064  INFO 13456 --- [main] .s.d.r.c.RepositoryConfigurationDelegate : Finished Spring Data repository scanning in 21 ms. Found 0 JDBC repository interfaces.
2023-04-17 08:02:19.071  INFO 13456 --- [main] .s.d.r.c.RepositoryConfigurationDelegate : Multiple Spring Data modules found, entering strict repository configuration mode!
2023-04-17 08:02:19.072  INFO 13456 --- [main] .s.d.r.c.RepositoryConfigurationDelegate : Bootstrapping Spring Data JPA repositories in DEFAULT mode.
2023-04-17 08:02:19.096  INFO 13456 --- [main] .s.d.r.c.RepositoryConfigurationDelegate : Finished Spring Data repository scanning in 19 ms. Found 1 JPA repository interfaces.
2023-04-17 08:02:19.665  INFO 13456 --- [main] o.s.b.w.embedded.tomcat.TomcatWebServer  : Tomcat initialized with port(s): 8080 (http)
2023-04-17 08:02:19.674  INFO 13456 --- [main] o.apache.catalina.core.StandardService   : Starting service [Tomcat]
2023-04-17 08:02:19.674  INFO 13456 --- [main] org.apache.catalina.core.StandardEngine  : Starting Servlet engine: [Apache Tomcat/9.0.63]
2023-04-17 08:02:19.818  INFO 13456 --- [main] o.a.c.c.C.[Tomcat].[localhost].[/]       : Initializing Spring embedded WebApplicationContext
2023-04-17 08:02:19.819  INFO 13456 --- [main] w.s.c.ServletWebServerApplicationContext : Root WebApplicationContext: initialization completed in 1437 ms
2023-04-17 08:02:20.005  INFO 13456 --- [main] com.zaxxer.hikari.HikariDataSource       : HikariPool-1 - Starting...
2023-04-17 08:02:20.364  INFO 13456 --- [main] com.zaxxer.hikari.HikariDataSource       : HikariPool-1 - Start completed.
2023-04-17 08:02:20.414  INFO 13456 --- [main] o.hibernate.jpa.internal.util.LogHelper  : HHH000204: Processing PersistenceUnitInfo [name: default]
2023-04-17 08:02:20.455  INFO 13456 --- [main] org.hibernate.Version                    : HHH000412: Hibernate ORM core version 5.4.33
2023-04-17 08:02:20.570  INFO 13456 --- [main] o.hibernate.annotations.common.Version   : HCANN000001: Hibernate Commons Annotations {5.1.2.Final}
2023-04-17 08:02:20.710  INFO 13456 --- [main] org.hibernate.dialect.Dialect            : HHH000400: Using dialect: org.hibernate.dialect.SQLServer2012Dialect
2023-04-17 08:02:21.327  INFO 13456 --- [main] o.h.e.t.j.p.i.JtaPlatformInitiator       : HHH000490: Using JtaPlatform implementation: [org.hibernate.engine.transaction.jta.platform.internal.NoJtaPlatform]
2023-04-17 08:02:21.333  INFO 13456 --- [main] j.LocalContainerEntityManagerFactoryBean : Initialized JPA EntityManagerFactory for persistence unit 'default'
2023-04-17 08:02:21.893  WARN 13456 --- [main] JpaBaseConfiguration$JpaWebConfiguration : spring.jpa.open-in-view is enabled by default. Therefore, database queries may be performed during view rendering. Explicitly configure spring.jpa.open-in-view to disable this warning
2023-04-17 08:02:22.330  WARN 13456 --- [main] ConfigServletWebServerApplicationContext : Exception encountered during context initialization - cancelling refresh attempt: org.springframework.beans.factory.UnsatisfiedDependencyException: Error creating bean with name 'dslContext' defined in class path resource [org/springframework/boot/autoconfigure/jooq/JooqAutoConfiguration$DslContextConfiguration.class]: Unsatisfied dependency expressed through method 'dslContext' parameter 0; nested exception is org.springframework.beans.factory.UnsatisfiedDependencyException: Error creating bean with name 'jooqConfiguration' defined in class path resource [org/springframework/boot/autoconfigure/jooq/JooqAutoConfiguration$DslContextConfiguration.class]: Unsatisfied dependency expressed through method 'jooqConfiguration' parameter 0; nested exception is org.springframework.boot.context.properties.ConfigurationPropertiesBindException: Error creating bean with name 'spring.jooq-org.springframework.boot.autoconfigure.jooq.JooqProperties': Could not bind properties to 'JooqProperties' : prefix=spring.jooq, ignoreInvalidFields=false, ignoreUnknownFields=true; nested exception is org.springframework.boot.context.properties.bind.BindException: Failed to bind properties under 'spring.jooq.sql-dialect' to org.jooq.SQLDialect
2023-04-17 08:02:22.332  INFO 13456 --- [main] j.LocalContainerEntityManagerFactoryBean : Closing JPA EntityManagerFactory for persistence unit 'default'
2023-04-17 08:02:22.335  INFO 13456 --- [main] com.zaxxer.hikari.HikariDataSource       : HikariPool-1 - Shutdown initiated...
2023-04-17 08:02:22.344  INFO 13456 --- [main] com.zaxxer.hikari.HikariDataSource       : HikariPool-1 - Shutdown completed.
2023-04-17 08:02:22.346  INFO 13456 --- [main] o.apache.catalina.core.StandardService   : Stopping service [Tomcat]
2023-04-17 08:02:22.356  INFO 13456 --- [main] ConditionEvaluationReportLoggingListener : 

Error starting ApplicationContext. To display the conditions report re-run your application with 'debug' enabled.
2023-04-17 08:02:22.371 ERROR 13456 --- [main] o.s.b.d.LoggingFailureAnalysisReporter   : 

***************************
APPLICATION FAILED TO START
***************************

Description:

Failed to bind properties under 'spring.jooq.sql-dialect' to org.jooq.SQLDialect:

    Property: spring.jooq.sql-dialect
    Value: SQLSERVER
    Origin: class path resource [application.yml] - 8:18
    Reason: failed to convert java.lang.String to org.jooq.SQLDialect (caused by java.lang.IllegalArgumentException: No enum constant org.jooq.SQLDialect.SQLSERVER)

Action:

Update your application's configuration. The following values are valid:

    CUBRID
    DEFAULT
    DERBY
    FIREBIRD
    H2
    HSQLDB
    MARIADB
    MYSQL
    POSTGRES
    SQL99
    SQLITE

2023-04-17 08:03:17.287  INFO 16920 --- [main] c.g.s.StudentManagementApplication       : Starting StudentManagementApplication using Java 11.0.17 on nvctri with PID 16920 (D:\Java\project\student-management4\student-management-springboot\student-management\build\classes\java\main started by nvctri in D:\Java\project\student-management4\student-management-springboot)
2023-04-17 08:03:17.290  INFO 16920 --- [main] c.g.s.StudentManagementApplication       : No active profile set, falling back to 1 default profile: "default"
2023-04-17 08:03:18.013  INFO 16920 --- [main] .s.d.r.c.RepositoryConfigurationDelegate : Multiple Spring Data modules found, entering strict repository configuration mode!
2023-04-17 08:03:18.014  INFO 16920 --- [main] .s.d.r.c.RepositoryConfigurationDelegate : Bootstrapping Spring Data JDBC repositories in DEFAULT mode.
2023-04-17 08:03:18.039  INFO 16920 --- [main] .RepositoryConfigurationExtensionSupport : Spring Data JDBC - Could not safely identify store assignment for repository candidate interface com.galaxy.studentmanagement.repository.StudentRepository. If you want this repository to be a JDBC repository, consider annotating your entities with one of these annotations: org.springframework.data.relational.core.mapping.Table.
2023-04-17 08:03:18.040  INFO 16920 --- [main] .s.d.r.c.RepositoryConfigurationDelegate : Finished Spring Data repository scanning in 22 ms. Found 0 JDBC repository interfaces.
2023-04-17 08:03:18.048  INFO 16920 --- [main] .s.d.r.c.RepositoryConfigurationDelegate : Multiple Spring Data modules found, entering strict repository configuration mode!
2023-04-17 08:03:18.049  INFO 16920 --- [main] .s.d.r.c.RepositoryConfigurationDelegate : Bootstrapping Spring Data JPA repositories in DEFAULT mode.
2023-04-17 08:03:18.071  INFO 16920 --- [main] .s.d.r.c.RepositoryConfigurationDelegate : Finished Spring Data repository scanning in 18 ms. Found 1 JPA repository interfaces.
2023-04-17 08:03:18.648  INFO 16920 --- [main] o.s.b.w.embedded.tomcat.TomcatWebServer  : Tomcat initialized with port(s): 8080 (http)
2023-04-17 08:03:18.657  INFO 16920 --- [main] o.apache.catalina.core.StandardService   : Starting service [Tomcat]
2023-04-17 08:03:18.657  INFO 16920 --- [main] org.apache.catalina.core.StandardEngine  : Starting Servlet engine: [Apache Tomcat/9.0.63]
2023-04-17 08:03:18.754  INFO 16920 --- [main] o.a.c.c.C.[Tomcat].[localhost].[/]       : Initializing Spring embedded WebApplicationContext
2023-04-17 08:03:18.754  INFO 16920 --- [main] w.s.c.ServletWebServerApplicationContext : Root WebApplicationContext: initialization completed in 1428 ms
2023-04-17 08:03:18.970  INFO 16920 --- [main] com.zaxxer.hikari.HikariDataSource       : HikariPool-1 - Starting...
2023-04-17 08:03:19.343  INFO 16920 --- [main] com.zaxxer.hikari.HikariDataSource       : HikariPool-1 - Start completed.
2023-04-17 08:03:19.393  INFO 16920 --- [main] o.hibernate.jpa.internal.util.LogHelper  : HHH000204: Processing PersistenceUnitInfo [name: default]
2023-04-17 08:03:19.433  INFO 16920 --- [main] org.hibernate.Version                    : HHH000412: Hibernate ORM core version 5.4.33
2023-04-17 08:03:19.546  INFO 16920 --- [main] o.hibernate.annotations.common.Version   : HCANN000001: Hibernate Commons Annotations {5.1.2.Final}
2023-04-17 08:03:19.674  INFO 16920 --- [main] org.hibernate.dialect.Dialect            : HHH000400: Using dialect: org.hibernate.dialect.SQLServer2012Dialect
2023-04-17 08:03:20.327  INFO 16920 --- [main] o.h.e.t.j.p.i.JtaPlatformInitiator       : HHH000490: Using JtaPlatform implementation: [org.hibernate.engine.transaction.jta.platform.internal.NoJtaPlatform]
2023-04-17 08:03:20.335  INFO 16920 --- [main] j.LocalContainerEntityManagerFactoryBean : Initialized JPA EntityManagerFactory for persistence unit 'default'
2023-04-17 08:03:20.993  WARN 16920 --- [main] JpaBaseConfiguration$JpaWebConfiguration : spring.jpa.open-in-view is enabled by default. Therefore, database queries may be performed during view rendering. Explicitly configure spring.jpa.open-in-view to disable this warning
2023-04-17 08:03:21.447  WARN 16920 --- [main] ConfigServletWebServerApplicationContext : Exception encountered during context initialization - cancelling refresh attempt: org.springframework.beans.factory.UnsatisfiedDependencyException: Error creating bean with name 'dslContext' defined in class path resource [org/springframework/boot/autoconfigure/jooq/JooqAutoConfiguration$DslContextConfiguration.class]: Unsatisfied dependency expressed through method 'dslContext' parameter 0; nested exception is org.springframework.beans.factory.UnsatisfiedDependencyException: Error creating bean with name 'jooqConfiguration' defined in class path resource [org/springframework/boot/autoconfigure/jooq/JooqAutoConfiguration$DslContextConfiguration.class]: Unsatisfied dependency expressed through method 'jooqConfiguration' parameter 0; nested exception is org.springframework.boot.context.properties.ConfigurationPropertiesBindException: Error creating bean with name 'spring.jooq-org.springframework.boot.autoconfigure.jooq.JooqProperties': Could not bind properties to 'JooqProperties' : prefix=spring.jooq, ignoreInvalidFields=false, ignoreUnknownFields=true; nested exception is org.springframework.boot.context.properties.bind.BindException: Failed to bind properties under 'spring.jooq.sql-dialect' to org.jooq.SQLDialect
2023-04-17 08:03:21.451  INFO 16920 --- [main] j.LocalContainerEntityManagerFactoryBean : Closing JPA EntityManagerFactory for persistence unit 'default'
2023-04-17 08:03:21.454  INFO 16920 --- [main] com.zaxxer.hikari.HikariDataSource       : HikariPool-1 - Shutdown initiated...
2023-04-17 08:03:21.459  INFO 16920 --- [main] com.zaxxer.hikari.HikariDataSource       : HikariPool-1 - Shutdown completed.
2023-04-17 08:03:21.462  INFO 16920 --- [main] o.apache.catalina.core.StandardService   : Stopping service [Tomcat]
2023-04-17 08:03:21.472  INFO 16920 --- [main] ConditionEvaluationReportLoggingListener : 

Error starting ApplicationContext. To display the conditions report re-run your application with 'debug' enabled.
2023-04-17 08:03:21.489 ERROR 16920 --- [main] o.s.b.d.LoggingFailureAnalysisReporter   : 

***************************
APPLICATION FAILED TO START
***************************

Description:

Failed to bind properties under 'spring.jooq.sql-dialect' to org.jooq.SQLDialect:

    Property: spring.jooq.sql-dialect
    Value: SQLSERVER
    Origin: class path resource [application.yml] - 8:18
    Reason: failed to convert java.lang.String to org.jooq.SQLDialect (caused by java.lang.IllegalArgumentException: No enum constant org.jooq.SQLDialect.SQLSERVER)

Action:

Update your application's configuration. The following values are valid:

    CUBRID
    DEFAULT
    DERBY
    FIREBIRD
    H2
    HSQLDB
    MARIADB
    MYSQL
    POSTGRES
    SQL99
    SQLITE

